0 SpO2 Coeff  0 0 0 0  FFD7FBDD  0AB61FE
Wr report period 25 0
Ver: 0 33 12 0
rd algo size: 1 33 
rd algo size: 1 33 
rd algo size: 1 33 
rd algo size: 1 33 
sens+algo 
1.2 Status: 0
1.5 Status: 0
1.6 Status: 0
1.7 Status: 0
1.8 Status: 0
map leds to slots 0
map HR to slots/PDs 0
map SpO2 to slots/PDs 0
1.14 status: 0
1.31 part id afe 0 25
1.32 who accel 0 1b
167302,14901,432446,433984,-255,-309,934,700,0,0,0,0,0,2,
163074,14747,431313,432905,-255,-309,934,700,0,0,0,0,0,2,
165308,14750,431796,435545,-255,-309,934,700,0,0,0,0,0,2,
166341,14713,432191,437335,-255,-309,934,690,0,0,0,0,0,3,
159371,13942,427262,430319,-255,-309,934,750,100,0,0,0,0,3,
158253,13532,426469,430168,-252,-303,937,740,100,0,0,0,0,3,
157051,13172,425939,430247,-252,-303,937,740,100,0,0,0,0,3,
138199,10889,418793,416379,-252,-303,937,740,100,0,0,0,0,3,
128140,9608,418862,411413,-252,-303,937,760,100,0,0,0,0,3,
128707,9661,420284,412075,-252,-303,937,790,100,0,0,0,0,3,
121152,9069,415927,404350,-253,-305,937,790,100,0,0,0,0,3,
120515,9120,417476,405438,-253,-305,937,790,100,0,0,0,0,3,
126178,9698,419194,409208,-253,-305,937,800,100,0,0,0,0,3,
130530,10045,420664,412454,-253,-305,937,790,100,0,0,0,0,3,
124777,9964,420012,409973,-253,-305,937,780,100,0,0,0,0,3,
126364,10189,421571,412364,-239,-291,950,770,100,970,0,0,0,3,
129241,10507,423957,415824,-239,-291,950,760,100,970,1,0,0,3,
123967,10362,426336,416473,-239,-291,950,760,100,973,3,0,0,3,
136721,11043,426950,420573,-239,-291,950,750,100,975,12,0,0,3,
141809,11536,430022,424100,-239,-291,950,740,100,977,18,0,0,3,
139842,11382,427643,421093,-238,-293,947,730,100,978,23,0,0,3,
139216,11339,425929,419560,-238,-293,947,720,100,979,28,0,0,3,
146669,12042,426434,422883,-238,-293,947,710,100,980,35,0,0,3,
154629,12785,428524,426995,-238,-293,947,710,75,980,41,0,0,3,
145401,10648,429083,425142,-238,-293,947,710,100,980,45,0,0,3,
144654,9878,428818,424927,-206,-270,958,710,100,980,47,0,0,3,
148054,10224,429239,425641,-206,-270,958,710,100,981,50,0,0,3,
149366,10550,427265,423046,-206,-270,958,710,100,980,53,0,0,3,
146447,10477,425149,419903,-206,-270,958,710,100,980,55,0,0,3,
144368,10105,425494,420361,-206,-270,958,700,100,980,58,0,0,3,
141971,9765,424156,418792,-202,-294,952,700,75,980,61,0,0,3,
143107,9823,423965,419225,-202,-294,952,700,75,979,64,0,0,3,
144617,10061,424560,420314,-202,-294,952,690,100,979,66,0,0,3,
148357,10500,425317,422356,-202,-294,952,690,100,979,69,0,0,3,
153036,10971,426418,425066,-202,-294,952,690,100,979,72,0,0,3,
151399,11002,423708,420830,-205,-305,952,680,100,979,74,0,0,3,
145762,10111,427756,423874,-205,-305,952,680,100,979,75,0,0,3,
122410,8271,434411,422504,-205,-305,952,680,100,980,76,0,0,3,
144297,9475,450897,440730,-205,-305,952,680,100,980,77,0,0,3,
145570,11516,457834,448174,-205,-305,952,680,100,980,75,0,0,3,
150373,13742,460743,451986,-282,-389,891,690,100,980,75,0,0,3,
149395,14037,452400,441427,-282,-389,891,690,100,980,72,1,0,3,
153100,14447,450691,441906,-282,-389,891,690,100,980,68,1,0,3,
156285,14908,451466,445195,-282,-389,891,690,100,980,65,1,0,3,
159183,15638,451629,448032,-282,-389,891,690,100,980,65,1,0,3,
162795,16628,452004,450245,-260,-382,898,700,100,980,61,0,0,3,
166469,17461,451633,451315,-260,-382,898,700,100,979,60,0,0,3,
170156,18215,450312,451432,-260,-382,898,700,100,978,58,0,0,3,
172794,18723,449601,451958,-260,-382,898,690,100,977,60,0,0,3,
174376,18895,448995,452322,-260,-382,898,690,100,975,63,0,0,3,
175993,18987,448304,452609,-256,-380,908,680,100,973,65,0,0,3,
176047,19033,447209,452405,-256,-380,908,680,100,971,67,0,0,3,
176926,19270,446564,452538,-256,-380,908,670,75,969,69,0,0,3,
177499,19522,445543,452410,-256,-380,908,660,75,967,71,0,0,3,
178114,19430,443341,450537,-256,-380,908,660,75,965,73,0,0,3,
172773,18327,438270,443534,-254,-380,914,650,75,963,75,0,0,3,
170928,17790,436898,443023,-254,-380,914,650,75,961,77,0,0,3,
170939,17651,436492,443496,-254,-380,914,640,75,960,78,0,0,3,
172300,17783,437484,446053,-254,-380,914,640,75,958,80,0,0,3,
171151,17441,436772,445965,-254,-380,914,640,75,956,81,0,0,3,
171908,17527,437458,447919,-255,-381,908,640,100,955,82,0,0,3,
171225,17205,436765,447637,-255,-381,908,640,100,953,83,0,0,3,
171418,17251,436618,448484,-255,-381,908,640,100,952,84,0,0,3,
171742,17292,436019,448797,-255,-381,908,640,100,951,85,0,0,3,
168129,16496,430124,441080,-255,-381,908,640,100,950,87,0,0,3,
165181,16051,429142,439751,-256,-381,909,650,100,950,87,0,0,3,
157704,14076,430067,439913,-256,-381,909,650,100,949,87,0,0,3,
156304,14746,429968,440801,-256,-381,909,650,100,949,88,0,0,3,
151882,14112,428264,438859,-256,-381,909,660,100,948,88,0,0,3,
154674,14746,428423,440609,-256,-381,909,660,100,948,88,0,0,3,
157709,15253,429184,442042,-268,-387,897,660,100,948,87,0,0,3,
158152,15501,429723,442881,-268,-387,897,660,100,948,87,0,0,3,
159419,15850,430268,443343,-268,-387,897,660,100,948,86,0,0,3,
153248,15152,424615,434399,-268,-387,897,660,100,948,85,0,0,3,
152174,15112,424603,434062,-268,-387,897,660,100,949,84,0,0,3,
152774,15275,426097,436031,-263,-385,899,660,100,950,84,0,0,3,
154236,15551,426810,437167,-263,-385,899,660,100,951,84,0,0,3,
153982,15611,427348,437662,-263,-385,899,660,100,951,84,0,0,3,
155268,15797,428157,439607,-263,-385,899,660,100,952,85,0,0,3,
158710,16230,429935,442199,-263,-385,899,660,100,953,86,0,0,3,
152728,15652,423814,432583,-261,-381,902,670,100,953,87,0,0,3,
147004,15000,424143,431393,-261,-381,902,670,100,954,88,0,0,3,
147708,13320,425270,433791,-261,-381,902,670,100,954,89,0,0,3,
148333,13481,426028,433431,-261,-381,902,680,100,955,88,0,0,3,
145828,13016,425132,431268,-261,-381,902,680,100,955,89,0,0,3,
148421,13045,425850,433066,-255,-363,921,680,100,955,90,0,0,3,
151077,13240,425135,431393,-255,-363,921,680,100,956,91,0,0,3,
147667,13255,424430,428679,-255,-363,921,680,100,956,88,0,0,3,
148640,13764,425397,430541,-255,-363,921,680,100,957,86,0,0,3,
150519,14144,426212,432386,-255,-363,921,680,100,958,84,0,0,3,
155319,14654,428521,436453,-254,-353,924,680,100,959,83,0,0,3,
158939,15173,430456,439763,-254,-353,924,690,100,960,80,0,0,3,
160700,15410,431382,441544,-254,-353,924,690,100,962,80,0,0,3,
81564,7859,426760,434229,-254,-353,924,690,100,963,81,0,0,3,
80090,7758,426496,433779,-254,-353,924,690,100,965,81,0,0,3,
80213,7813,427162,435128,-252,-342,925,690,100,966,81,0,0,3,
79788,7639,427565,435374,-252,-342,925,700,100,967,81,0,0,3,
79307,7414,427843,435592,-252,-342,925,690,100,967,81,0,0,3,
79452,7248,428651,436239,-252,-342,925,690,100,968,81,0,0,3,
79993,7164,429733,437570,-252,-342,925,690,100,968,81,0,0,3,
80192,7162,430397,437579,-251,-347,927,690,100,968,83,0,0,3,
77639,6759,429230,433778,-251,-347,927,690,100,969,84,0,0,3,
76758,6537,429673,434166,-251,-347,927,680,100,969,84,0,0,3,
78315,6604,430835,436001,-251,-347,927,680,100,969,85,0,0,3,
78217,6554,427950,430348,-251,-347,927,680,100,969,85,0,0,3,
78535,6614,427834,429930,-250,-354,926,680,100,970,85,0,0,3,
79640,6792,429730,431706,-250,-354,926,670,100,970,86,0,0,3,
80761,6977,430905,433617,-250,-354,926,660,100,970,87,0,0,3,
81625,7056,432002,435633,-250,-354,926,660,100,971,88,0,0,3,
82851,7176,433725,438738,-250,-354,926,650,100,971,88,0,0,3,
