0 SpO2 Coeff  0 0 0 0   0 0 0 0  0 0 0 0
Ver: 0 33 13 31
wr config mask packed: 0 
rd config mask for packed normal data output fifo 0 7F FF 0 
rd algo size: 0 20 
rd algo size: 0 52 
rd algo size: 0 1 
rd algo size: 0 15 
algo only 
1.2 Status: 0
1.5 Status: 0
1.6 Status: 0
1.7 Status: 0
1.8 Status: 0
map leds to slots 0
map HR to slots/PDs 0
map SpO2 to slots/PDs 0
1.14 status: 0
1.31 part id afe 0 25
1.32 who accel 0 1b
02 58 00 00 00 00 00 00 00 00 00 00 00 06 00 

02 58 00 00 00 00 00 00 00 00 00 00 00 06 00 

02 58 00 00 00 00 00 00 00 00 00 00 00 06 00 

02 58 00 00 00 00 00 00 00 00 00 00 00 06 00 

02 58 00 00 00 00 00 00 00 00 00 00 00 06 00 

02 58 00 00 00 00 00 00 00 00 00 00 00 06 00 

02 58 00 00 00 00 00 00 00 00 00 00 00 06 00 

02 58 00 00 00 00 00 00 00 00 00 00 00 06 00 

02 58 00 00 00 00 00 00 00 00 00 00 00 06 00 

02 58 00 00 00 00 00 00 00 00 00 00 00 06 00 

02 58 00 00 00 00 00 00 00 00 00 00 00 06 00 

02 58 00 00 00 00 00 00 00 00 00 00 00 06 00 

02 58 00 00 00 00 00 00 00 00 00 00 00 06 00 

02 58 00 00 00 00 00 00 00 00 00 00 00 06 00 

02 58 00 00 00 00 00 00 00 00 00 00 00 06 00 

02 58 00 00 00 00 00 00 00 00 00 00 00 06 00 

02 58 00 00 00 00 00 00 00 00 00 00 00 06 00 

02 58 00 00 00 00 00 00 00 00 00 00 00 06 00 

02 58 00 00 00 00 00 00 00 00 00 00 00 06 00 

02 58 00 00 00 00 00 00 00 00 00 00 00 06 00 

02 58 00 00 00 00 00 00 00 00 00 00 00 06 00 

02 58 00 00 00 00 00 00 00 00 00 00 00 06 00 

02 58 00 00 00 00 00 00 00 00 00 00 00 06 00 

02 58 00 00 00 00 00 00 00 00 00 00 00 06 00 

02 58 00 00 00 00 00 00 00 00 00 00 00 06 18 

02 58 00 00 00 00 00 00 00 00 00 00 00 06 00 

02 58 00 00 00 00 00 00 00 00 00 00 00 06 00 

02 58 00 00 00 00 00 00 00 00 00 00 00 06 00 

02 58 00 00 00 00 00 00 00 00 00 00 00 06 00 

02 58 00 00 00 00 00 00 00 00 00 00 00 06 00 

02 58 00 00 00 00 00 00 00 00 00 00 00 06 00 

02 58 00 00 00 00 00 00 00 00 00 00 00 06 00 

02 58 00 00 00 00 00 00 00 00 00 00 00 06 00 

02 58 00 00 00 00 00 00 00 00 00 00 00 06 00 

02 58 00 00 00 00 00 00 00 00 00 00 00 06 00 

02 58 00 00 00 00 00 00 00 00 00 00 00 06 00 

02 58 00 00 00 00 00 00 00 00 00 00 00 06 00 

02 58 00 00 00 00 00 00 00 00 00 00 00 06 00 

02 58 00 00 00 00 00 00 00 00 00 00 00 06 00 

02 58 00 00 00 00 00 00 00 00 00 00 00 06 00 

02 58 00 00 00 00 00 00 00 00 00 00 00 06 00 

02 58 00 00 00 00 00 00 00 00 00 00 00 06 00 

02 58 00 00 00 00 00 00 00 00 00 00 00 06 00 

02 58 00 00 00 00 00 00 00 00 00 00 00 06 00 

02 58 00 00 00 00 00 00 00 00 00 00 00 06 00 

02 58 00 00 00 00 00 00 00 00 00 00 00 06 00 

02 58 00 00 00 00 00 00 00 00 00 00 00 06 00 

02 58 00 00 00 00 00 00 00 00 00 00 00 06 00 

02 58 00 00 00 00 00 00 00 00 00 00 00 06 00 

02 58 00 00 00 00 00 00 00 00 00 00 00 06 00 

02 58 00 00 00 00 00 00 00 00 00 00 00 06 19 

02 58 00 00 00 00 00 00 00 00 00 00 00 06 00 

02 58 00 00 00 00 00 00 00 00 00 00 00 06 00 

02 58 00 00 00 00 00 00 00 00 00 00 00 06 00 

02 58 00 00 00 00 00 00 00 00 00 00 00 06 00 

02 58 00 00 00 00 00 00 00 00 00 00 00 06 00 

02 58 00 00 00 00 00 00 00 00 00 00 00 02 00 

02 58 00 00 00 00 00 00 00 00 00 00 00 02 00 

02 58 00 00 00 00 00 00 00 00 00 00 00 02 00 

02 58 00 00 00 00 00 00 00 00 00 00 00 02 00 

02 58 00 00 00 00 00 00 00 00 00 00 00 02 00 

02 58 00 00 00 00 00 00 00 00 00 00 00 02 00 

02 58 00 00 00 00 00 00 00 00 00 00 00 02 00 

02 58 00 00 00 00 00 00 00 00 00 00 00 02 00 

02 58 00 00 00 00 00 00 00 00 00 00 00 02 00 

02 58 00 00 00 00 00 00 00 00 00 00 00 02 00 

02 58 00 00 00 00 00 00 00 00 00 00 00 02 00 

02 58 00 00 00 00 00 00 00 00 00 00 00 02 00 

02 58 00 00 00 00 00 00 00 00 00 00 00 02 00 

02 58 00 00 00 00 00 00 00 00 00 00 00 02 00 

02 58 00 00 00 00 00 00 00 00 00 00 00 02 00 

02 58 00 00 00 00 00 00 00 00 00 00 00 02 00 

02 58 00 00 00 00 00 00 00 00 00 00 00 02 00 

02 58 00 00 00 00 00 00 00 00 00 00 00 02 00 

02 58 00 00 00 00 00 00 00 00 00 00 00 02 00 

02 58 00 00 00 00 00 00 00 00 00 00 00 02 19 

02 58 00 00 00 00 00 00 00 00 00 00 00 02 00 

02 58 00 00 00 00 00 00 00 00 00 00 00 02 00 

02 58 00 00 00 00 00 00 00 00 00 00 00 02 00 

02 58 00 00 00 00 00 00 00 00 00 00 00 02 00 

02 58 00 00 00 00 00 00 00 00 00 00 00 02 00 

02 58 00 00 00 00 00 00 00 00 00 00 00 02 00 

02 58 00 00 00 00 00 00 00 00 00 00 00 02 00 

02 58 00 00 00 00 00 00 00 00 00 00 00 02 00 

02 58 00 00 00 00 00 00 00 00 00 00 00 03 00 

02 58 00 00 00 00 00 00 00 00 00 00 00 03 00 

02 58 00 00 00 00 00 00 00 00 00 00 00 03 00 

02 58 00 00 00 00 00 00 00 00 00 00 00 03 00 

02 58 00 00 00 00 00 00 00 00 00 00 00 03 00 

02 58 00 00 00 00 00 00 00 00 00 00 00 03 00 

02 4E 00 00 00 00 00 00 00 00 00 00 00 03 00 

02 4E 00 00 00 00 00 00 00 00 00 00 00 03 00 

02 4E 00 00 00 00 00 00 00 00 00 00 00 03 00 

02 4E 00 00 00 00 00 00 00 00 00 00 00 03 00 

02 4E 00 00 00 00 00 00 00 00 00 00 00 03 00 

02 4E 00 00 00 00 00 00 00 00 00 00 00 03 00 

02 4E 00 00 00 00 00 00 00 00 00 00 00 03 00 

02 4E 00 00 00 00 00 00 00 00 00 00 10 03 00 

02 4E 00 00 00 00 00 00 00 00 00 00 10 03 00 

02 4E 00 00 00 00 00 00 00 00 00 00 10 03 00 

02 4E 00 00 00 00 00 00 00 00 00 00 10 03 19 

02 4E 00 00 00 00 00 00 00 00 00 00 10 03 00 

02 4E 00 00 00 00 00 00 00 00 00 00 10 03 00 

02 4E 00 00 00 00 00 00 00 00 00 00 10 03 00 

02 4E 00 00 00 00 00 00 00 00 00 00 10 03 00 

02 4E 00 00 00 00 00 00 00 00 00 00 10 03 00 

02 4E 00 00 00 00 00 00 00 00 00 00 10 03 00 

02 4E 00 00 00 00 00 00 00 00 00 00 10 03 00 

02 4E 00 00 00 00 00 00 00 00 00 00 10 03 00 

02 4E 00 00 00 00 00 00 00 00 00 00 10 03 00 

02 4E 00 00 00 00 00 00 00 00 00 00 10 03 00 

02 4E 00 00 00 00 00 00 00 00 00 00 10 03 00 

02 4E 00 00 00 00 00 00 00 00 00 00 10 03 00 

02 4E 00 00 00 00 00 00 00 00 00 00 10 03 00 

02 4E 00 00 00 00 00 00 00 00 00 00 10 03 00 

02 4E 00 1F AA 19 00 00 00 00 00 00 10 03 0F 

02 4E 00 00 00 00 00 00 00 00 00 00 10 03 00 

02 4E 00 00 00 00 00 00 00 00 00 00 10 03 00 

02 4E 00 00 00 00 00 00 00 00 00 00 10 03 00 

02 4E 00 00 00 00 00 00 00 00 00 00 10 03 00 

02 4E 00 00 00 00 00 00 00 00 00 00 10 03 00 

02 4E 00 00 00 00 00 00 00 00 00 00 10 03 00 

02 4E 00 00 00 00 00 00 00 00 00 00 10 03 00 

02 4E 00 00 00 00 00 00 00 00 00 00 10 03 00 

02 4E 00 00 00 00 00 00 00 00 00 00 10 03 00 

02 58 00 00 00 00 00 00 00 00 00 00 10 03 00 

02 58 00 00 00 00 00 00 00 00 00 00 10 03 00 

02 58 00 00 00 00 00 00 00 00 00 00 10 03 00 

02 58 00 00 00 00 00 00 00 00 00 00 10 03 00 

02 58 00 00 00 00 00 00 00 00 00 00 10 03 00 

02 58 00 00 00 00 00 00 00 00 00 00 10 03 00 

02 58 00 00 00 00 00 00 00 00 00 00 10 03 00 

02 58 00 00 00 00 00 00 00 00 00 00 10 03 00 

02 58 00 00 00 00 00 00 00 00 00 00 10 03 00 

02 58 00 00 00 00 00 00 00 00 00 00 10 03 00 

02 58 00 1F 05 32 00 00 00 00 00 00 10 03 14 

02 58 00 00 00 00 00 00 00 00 00 00 10 03 00 

02 58 00 00 00 00 00 00 00 00 00 00 10 03 00 

02 58 00 00 00 00 00 00 00 00 00 00 10 03 00 

02 58 00 00 00 00 00 00 00 00 00 00 10 03 00 

02 58 00 00 00 00 00 00 00 00 00 00 10 03 00 

02 58 00 00 00 00 00 00 00 00 00 00 10 03 00 

02 58 00 00 00 00 00 00 00 00 00 00 10 03 00 

02 58 00 00 00 00 00 00 00 00 00 00 10 03 00 

02 58 00 00 00 00 00 00 00 00 00 00 10 03 00 

02 58 00 00 00 00 00 00 00 00 00 00 10 03 00 

02 58 00 00 00 00 00 00 00 00 00 00 10 03 00 

02 58 00 00 00 00 00 00 00 00 00 00 10 03 00 

02 58 00 00 00 00 00 00 00 00 00 00 10 03 00 

02 58 00 00 00 00 00 00 00 00 00 00 10 03 00 

02 58 00 00 00 00 00 00 00 00 00 00 10 03 00 

02 58 00 00 00 00 00 00 00 00 00 00 10 03 00 

02 58 00 00 00 00 00 00 00 00 00 00 10 03 00 

02 58 00 00 00 00 00 00 00 00 00 00 10 03 00 

02 58 00 1E 7C 64 00 00 00 00 00 00 10 03 13 

02 58 00 00 00 00 00 00 00 00 00 00 10 03 00 

02 58 00 00 00 00 00 00 00 00 00 00 10 03 00 

02 58 00 00 00 00 00 00 00 00 00 00 10 03 00 

02 58 00 00 00 00 00 00 00 00 00 00 10 03 00 

02 58 00 00 00 00 00 00 00 00 00 00 10 03 00 

02 58 00 00 00 00 00 00 00 00 00 00 10 03 00 

02 58 00 00 00 00 00 00 00 00 00 00 10 03 00 

02 58 00 00 00 00 00 00 00 00 00 00 10 03 00 

02 58 00 00 00 00 00 00 00 00 00 00 10 03 00 

02 58 00 00 00 00 00 00 00 00 00 00 10 03 00 

02 62 00 00 00 00 00 00 00 00 00 00 10 03 00 

02 62 00 00 00 00 00 00 00 00 00 00 10 03 00 

02 62 00 00 00 00 00 00 00 00 00 00 10 03 00 

02 62 00 00 00 00 00 00 00 00 00 00 10 03 00 

02 62 00 00 00 00 00 00 00 00 00 00 10 03 00 

02 76 00 00 00 00 00 00 00 00 00 00 10 03 00 

02 76 00 00 00 00 00 00 00 00 00 00 10 03 00 

02 76 00 00 00 00 00 00 00 00 00 00 10 03 00 

02 76 00 00 00 00 00 00 00 00 00 00 10 03 00 

02 76 00 1E 86 64 00 00 00 00 00 00 10 03 14 

02 80 00 00 00 00 00 00 00 00 00 00 10 03 00 

02 80 00 00 00 00 00 00 00 00 00 00 10 03 00 

02 80 00 00 00 00 00 00 00 00 00 00 10 03 00 

02 80 00 00 00 00 00 00 00 00 00 00 10 03 00 

02 80 00 00 00 00 00 00 00 00 00 00 10 03 00 

02 94 00 00 00 00 00 00 00 00 00 00 10 03 00 

02 94 00 00 00 00 00 00 00 00 00 00 10 03 00 

02 94 00 00 00 00 00 00 00 00 00 00 10 03 00 

02 94 00 00 00 00 00 00 00 00 00 00 10 03 00 

02 94 00 00 00 00 00 00 00 00 00 00 10 03 00 

02 A8 00 00 00 00 00 00 00 00 00 00 10 03 00 

02 A8 00 00 00 00 00 00 00 00 00 00 10 03 00 

02 A8 00 00 00 00 00 00 00 00 00 00 10 03 00 

02 A8 00 00 00 00 00 00 00 00 00 00 10 03 00 

02 A8 00 00 00 00 00 00 00 00 00 00 10 03 00 

02 A8 00 00 00 00 00 00 00 00 00 00 10 03 00 

02 A8 00 00 00 00 00 00 00 00 00 00 10 03 00 

02 A8 00 00 00 00 00 00 00 00 00 00 10 03 00 

02 A8 00 00 00 00 00 00 00 00 00 00 10 03 00 

02 A8 00 00 00 00 00 00 00 00 00 00 10 03 00 

02 A8 00 1E AF 64 00 00 00 00 00 00 10 03 14 

02 B2 00 00 00 00 00 00 00 00 00 00 10 03 00 

02 B2 00 00 00 00 00 00 00 00 00 00 10 03 00 

02 B2 00 00 00 00 00 00 00 00 00 00 10 03 00 

02 B2 00 00 00 00 00 00 00 00 00 00 10 03 00 

02 B2 00 00 00 00 00 00 00 00 00 00 10 03 00 

02 BC 00 00 00 00 00 00 00 00 00 00 10 03 00 

02 BC 00 00 00 00 00 00 00 00 00 00 10 03 00 

02 BC 00 00 00 00 00 00 00 00 00 00 10 03 00 

02 BC 00 00 00 00 00 00 00 00 00 00 10 03 00 

02 BC 00 00 00 00 00 00 00 00 00 00 10 03 00 

02 C6 00 00 00 00 00 00 00 00 00 00 10 03 00 

02 C6 00 00 00 00 00 00 00 00 00 00 10 03 00 

02 C6 00 00 00 00 00 00 00 00 00 00 10 03 00 

02 C6 00 00 00 00 00 00 00 00 00 00 10 03 00 

02 C6 00 00 00 00 00 00 00 00 00 00 10 03 00 

02 C6 00 00 00 00 00 00 00 00 00 00 10 03 00 

02 C6 00 00 00 00 00 00 00 00 00 00 10 03 00 

02 C6 00 00 00 00 00 00 00 00 00 00 10 03 00 

02 C6 00 00 00 00 00 00 00 00 00 00 10 03 00 

02 E4 32 1F 72 64 00 00 00 00 00 00 10 03 14 

02 E4 32 00 00 00 00 00 00 00 00 00 10 03 00 

02 E4 32 00 00 00 00 00 00 00 00 00 10 03 00 

02 E4 32 00 00 00 00 00 00 00 00 00 10 03 00 

02 E4 32 00 00 00 00 00 00 00 00 00 10 03 00 

02 E4 32 00 00 00 00 00 00 00 00 00 10 03 00 

02 E4 32 00 00 00 00 00 00 00 00 00 10 03 00 

02 E4 32 00 00 00 00 00 00 00 00 00 10 03 00 

02 E4 32 00 00 00 00 00 00 00 00 00 10 03 00 

02 E4 32 00 00 00 00 00 00 00 00 00 10 03 00 

02 E4 32 00 00 00 00 00 00 00 00 00 10 03 00 

02 E4 32 00 00 00 00 00 00 00 00 00 10 03 00 

02 E4 32 00 00 00 00 00 00 00 00 00 10 03 00 

02 E4 32 00 00 00 00 00 00 00 00 00 10 03 00 

02 E4 32 00 00 00 00 00 00 00 00 00 10 03 00 

02 E4 32 00 00 00 00 00 00 00 00 00 10 03 00 

02 E4 32 00 00 00 00 00 00 00 00 00 10 03 00 

02 E4 32 00 00 00 00 00 00 00 00 00 10 03 00 

02 E4 32 00 00 00 00 00 00 00 00 00 10 03 00 

02 E4 32 00 00 00 00 00 00 00 00 00 10 03 00 

02 E4 32 00 00 00 00 00 00 00 00 00 10 03 00 

02 E4 32 00 00 00 00 00 00 00 00 00 10 03 00 

02 E4 32 00 00 00 00 00 00 00 00 00 10 03 00 

02 E4 32 00 00 00 00 00 00 00 00 00 10 03 00 

02 E4 32 00 00 00 00 00 00 00 00 00 10 03 00 

02 DA 32 00 00 00 00 00 00 00 00 00 10 03 00 

02 DA 32 00 00 00 00 00 00 00 00 00 10 03 00 

02 DA 32 00 00 00 00 00 00 00 00 00 10 03 00 

02 DA 32 00 00 00 00 00 00 00 00 00 10 03 00 

02 DA 32 00 00 00 00 00 00 00 00 00 10 03 00 

02 DA 32 00 00 00 00 00 00 00 00 00 10 03 00 

02 DA 32 00 00 00 00 00 00 00 00 00 10 03 00 

02 DA 32 00 00 00 00 00 00 00 00 00 10 03 00 

02 DA 32 00 00 00 00 00 00 00 00 00 10 03 00 

02 DA 32 00 00 00 00 00 00 00 00 00 10 03 00 

02 DA 32 00 00 00 00 00 00 00 00 00 10 03 00 

02 DA 32 00 00 00 00 00 00 00 00 00 10 03 24 

02 DA 32 00 00 00 00 00 00 00 00 00 10 03 00 

02 DA 32 00 00 00 00 00 00 00 00 00 10 03 00 

02 DA 32 00 00 00 00 00 00 00 00 00 10 03 00 

02 DA 32 00 00 00 00 00 00 00 00 00 10 03 00 

02 DA 32 20 2F 19 00 00 00 00 00 00 10 03 05 

02 DA 32 00 00 00 00 00 00 00 00 00 10 03 00 

02 DA 32 00 00 00 00 00 00 00 00 00 10 03 00 

02 DA 32 00 00 00 00 00 00 00 00 00 10 03 00 

02 DA 32 00 00 00 00 00 00 00 00 00 10 03 00 

02 DA 32 00 00 00 00 00 00 00 00 00 10 03 00 

02 DA 32 00 00 00 00 00 00 00 00 00 10 03 00 

02 DA 32 00 00 00 00 00 00 00 00 00 10 03 00 

02 DA 32 00 00 00 00 00 00 00 00 00 10 03 00 

02 DA 32 00 00 00 00 00 00 00 00 00 10 03 00 

02 DA 32 00 00 00 00 00 00 00 00 00 10 03 00 

02 DA 32 00 00 00 00 00 00 00 00 00 10 03 00 

02 DA 32 00 00 00 00 00 00 00 00 00 10 03 00 

02 DA 32 00 00 00 00 00 00 00 00 00 10 03 00 

02 DA 32 00 00 00 00 00 00 00 00 00 10 03 00 

02 DA 32 00 00 00 00 00 00 00 00 00 10 03 00 

02 DA 32 00 00 00 00 00 00 00 00 00 10 03 00 

02 DA 32 00 00 00 00 00 00 00 00 00 10 03 00 

02 DA 32 00 00 00 00 00 00 00 00 00 10 03 00 

02 DA 32 00 00 00 00 00 00 00 00 00 10 03 00 

02 DA 32 00 00 00 00 00 00 00 00 00 10 03 00 

02 DA 32 20 24 32 00 00 00 00 00 00 10 03 15 

02 DA 32 00 00 00 00 00 00 00 00 00 10 03 00 

02 DA 32 00 00 00 00 00 00 00 00 00 10 03 00 

02 DA 32 00 00 00 00 00 00 00 00 00 10 03 00 

02 DA 32 00 00 00 00 00 00 00 00 00 10 03 00 

02 DA 32 00 00 00 00 00 00 00 00 00 10 03 00 

02 DA 32 00 00 00 00 00 00 00 00 00 10 03 00 

02 DA 32 00 00 00 00 00 00 00 00 00 10 03 00 

02 DA 32 00 00 00 00 00 00 00 00 00 10 03 00 

02 DA 32 00 00 00 00 00 00 00 00 00 10 03 00 

02 DA 32 00 00 00 00 00 00 00 00 00 10 03 00 

02 DA 32 00 00 00 00 00 00 00 00 00 10 03 00 

02 DA 32 00 00 00 00 00 00 00 00 00 10 03 00 

02 DA 32 00 00 00 00 00 00 00 00 00 10 03 00 

02 DA 32 00 00 00 00 00 00 00 00 00 10 03 00 

02 DA 32 00 00 00 00 00 00 00 00 00 10 03 00 

02 DA 32 00 00 00 00 00 00 00 00 00 10 03 00 

02 DA 32 00 00 00 00 00 00 00 00 00 10 03 00 

02 DA 32 00 00 00 00 00 00 00 00 00 10 03 00 

02 DA 32 00 00 00 00 00 00 00 00 00 10 03 00 

02 DA 32 20 0E 64 00 00 00 00 00 00 10 03 14 

02 DA 32 00 00 00 00 00 00 00 00 00 10 03 00 

02 DA 32 00 00 00 00 00 00 00 00 00 10 03 00 

02 DA 32 00 00 00 00 00 00 00 00 00 10 03 00 

02 DA 32 00 00 00 00 00 00 00 00 00 10 03 00 

02 DA 32 00 00 00 00 00 00 00 00 00 10 03 00 

02 DA 32 00 00 00 00 00 00 00 00 00 10 03 00 

02 DA 32 00 00 00 00 00 00 00 00 00 10 03 00 

02 DA 32 00 00 00 00 00 00 00 00 00 10 03 00 

02 DA 32 00 00 00 00 00 00 00 00 00 10 03 00 

02 DA 32 00 00 00 00 00 00 00 00 00 10 03 00 

02 DA 32 00 00 00 00 00 00 00 00 00 10 03 00 

02 DA 32 00 00 00 00 00 00 00 00 00 10 03 00 

02 D0 32 00 00 00 00 00 00 00 00 00 10 03 00 

02 D0 32 00 00 00 00 00 00 00 00 00 10 03 00 

02 D0 32 00 00 00 00 00 00 00 00 00 10 03 00 

02 D0 32 00 00 00 00 00 00 00 00 00 10 03 00 

02 D0 32 00 00 00 00 00 00 00 00 00 10 03 00 

02 D0 32 00 00 00 00 00 00 00 00 00 10 03 00 

02 D0 32 00 00 00 00 00 00 00 00 00 10 03 00 

02 D0 32 00 00 00 00 00 00 00 00 00 10 03 00 

02 D0 32 20 9C 64 00 00 00 00 00 00 10 03 15 

02 D0 32 00 00 00 00 00 00 00 00 00 10 03 00 

02 D0 32 00 00 00 00 00 00 00 00 00 10 03 00 

02 D0 32 00 00 00 00 00 00 00 00 00 10 03 00 

02 D0 32 00 00 00 00 00 00 00 00 00 10 03 00 

02 D0 32 00 00 00 00 00 00 00 00 00 10 03 00 

02 D0 32 00 00 00 00 00 00 00 00 00 10 03 00 

02 D0 32 00 00 00 00 00 00 00 00 00 10 03 00 

02 D0 32 00 00 00 00 00 00 00 00 00 10 03 00 

02 D0 32 00 00 00 00 00 00 00 00 00 10 03 00 

02 D0 32 00 00 00 00 00 00 00 00 00 10 03 00 

02 D0 32 00 00 00 00 00 00 00 00 00 10 03 00 

02 D0 32 00 00 00 00 00 00 00 00 00 10 03 00 

02 DA 32 00 00 00 00 00 00 00 00 00 10 03 00 

02 DA 32 00 00 00 00 00 00 00 00 00 10 03 00 

02 DA 32 00 00 00 00 00 00 00 00 00 10 03 00 

02 DA 32 00 00 00 00 00 00 00 00 00 10 03 00 

02 DA 32 00 00 00 00 00 00 00 00 00 10 03 00 

02 DA 32 00 00 00 00 00 00 00 00 00 10 03 00 

02 DA 32 00 00 00 00 00 00 00 00 00 10 03 00 

02 DA 64 00 00 00 00 00 00 00 00 00 10 03 00 

02 DA 64 00 00 00 00 00 00 00 00 00 10 03 00 

02 DA 64 21 78 64 00 00 00 00 00 00 10 03 15 

02 DA 64 00 00 00 00 00 00 00 00 00 10 03 00 

02 DA 64 00 00 00 00 00 00 00 00 00 10 03 00 

02 DA 64 00 00 00 00 00 00 00 00 00 10 03 00 

02 DA 64 00 00 00 00 00 00 00 00 00 10 03 00 

02 DA 64 00 00 00 00 00 00 00 00 00 10 03 00 

02 E4 64 00 00 00 00 00 00 00 00 00 10 03 00 

02 E4 64 00 00 00 00 00 00 00 00 00 10 03 00 

02 E4 64 00 00 00 00 00 00 00 00 00 10 03 00 

02 E4 64 00 00 00 00 00 00 00 00 00 10 03 00 

02 E4 64 00 00 00 00 00 00 00 00 00 10 03 00 

02 EE 64 00 00 00 00 00 00 00 00 00 10 03 00 

02 EE 64 00 00 00 00 00 00 00 00 00 10 03 00 

02 EE 64 00 00 00 00 00 00 00 00 00 10 03 00 

02 EE 64 00 00 00 00 00 00 00 00 00 10 03 00 

02 EE 64 00 00 00 00 00 00 00 00 00 10 03 00 

02 F8 64 00 00 00 00 00 00 00 00 00 10 03 00 

02 F8 64 00 00 00 00 00 00 00 00 00 10 03 00 

02 F8 64 00 00 00 00 00 00 00 00 00 10 03 00 

02 F8 64 00 00 00 00 00 00 00 00 00 10 03 00 

02 F8 64 00 00 00 00 00 00 00 00 00 10 03 00 

03 02 64 00 00 00 00 00 00 00 00 00 10 03 00 

03 02 64 21 D8 64 00 00 00 00 00 00 10 03 16 

03 02 64 00 00 00 00 00 00 00 00 00 10 03 00 

03 02 64 00 00 00 00 00 00 00 00 00 10 03 00 

03 02 64 00 00 00 00 00 00 00 00 00 10 03 00 

03 02 64 00 00 00 00 00 00 00 00 00 10 03 00 

03 02 64 00 00 00 00 00 00 00 00 00 10 03 00 

03 02 64 00 00 00 00 00 00 00 00 00 10 03 00 

03 02 64 00 00 00 00 00 00 00 00 00 10 03 00 

03 02 64 00 00 00 00 00 00 00 00 00 10 03 00 

03 02 64 00 00 00 00 00 00 00 00 00 10 03 00 

03 02 64 00 00 00 00 00 00 00 00 00 10 03 00 

03 02 64 00 00 00 00 00 00 00 00 00 10 03 00 

03 02 64 00 00 00 00 00 00 00 00 00 10 03 00 

03 02 64 00 00 00 00 00 00 00 00 00 10 03 00 

03 02 64 00 00 00 00 00 00 00 00 00 10 03 00 

03 02 64 00 00 00 00 00 00 00 00 00 10 03 00 

03 02 64 00 00 00 00 00 00 00 00 00 10 03 00 

03 02 64 00 00 00 00 00 00 00 00 00 10 03 00 

03 02 64 00 00 00 00 00 00 00 00 00 10 03 00 

03 02 64 00 00 00 00 00 00 00 00 00 10 03 00 

03 02 64 00 00 00 00 00 00 00 00 00 10 03 00 

03 02 64 21 4D 64 00 00 00 00 00 00 10 03 15 

03 02 64 00 00 00 00 00 00 00 00 00 10 03 00 

03 02 64 00 00 00 00 00 00 00 00 00 10 03 00 

03 02 64 00 00 00 00 00 00 00 00 00 10 03 00 

03 02 64 00 00 00 00 00 00 00 00 00 10 03 00 

03 02 64 00 00 00 00 00 00 00 00 00 10 03 00 

03 02 64 00 00 00 00 00 00 00 00 00 10 03 00 

03 02 64 00 00 00 00 00 00 00 00 00 10 03 00 

03 02 64 00 00 00 00 00 00 00 00 00 10 03 00 

03 02 64 00 00 00 00 00 00 00 00 00 10 03 00 

03 02 64 00 00 00 00 00 00 00 00 00 10 03 00 

03 02 64 00 00 00 00 00 00 00 00 00 10 03 00 

03 02 64 00 00 00 00 00 00 00 00 00 10 03 00 

03 02 64 00 00 00 00 00 00 00 00 00 10 03 00 

03 02 64 00 00 00 00 00 00 00 00 00 10 03 00 

03 02 64 00 00 00 00 00 00 00 00 00 10 03 00 

03 02 64 00 00 00 00 00 00 00 00 00 10 03 00 

03 02 64 00 00 00 00 00 00 00 00 00 10 03 00 

03 02 64 00 00 00 00 00 00 00 00 00 10 03 00 

03 02 64 00 00 00 00 00 00 00 00 00 10 03 00 

03 02 64 00 00 00 00 00 00 00 00 00 10 03 00 

03 02 64 00 00 00 00 00 00 00 00 00 10 03 00 

03 02 64 21 47 64 00 00 00 00 00 00 10 03 16 

03 02 64 00 00 00 00 00 00 00 00 00 10 03 00 

03 02 64 00 00 00 00 00 00 00 00 00 10 03 00 

03 02 64 00 00 00 00 00 00 00 00 00 10 03 00 

03 02 64 00 00 00 00 00 00 00 00 00 10 03 00 

03 02 64 00 00 00 00 00 00 00 00 00 10 03 00 

03 02 64 00 00 00 00 00 00 00 00 00 10 03 00 

03 02 64 00 00 00 00 00 00 00 00 00 10 03 00 

03 02 64 00 00 00 00 00 00 00 00 00 10 03 00 

03 02 64 00 00 00 00 00 00 00 00 00 10 03 00 

03 02 64 00 00 00 00 00 00 00 00 00 10 03 00 

03 02 64 00 00 00 00 00 00 00 00 00 10 03 00 

03 02 64 00 00 00 00 00 00 00 00 00 10 03 00 

03 02 64 00 00 00 00 00 00 00 00 00 10 03 00 

03 02 64 00 00 00 00 00 00 00 00 00 10 03 00 

03 02 64 00 00 00 00 00 00 00 00 00 10 03 00 

03 02 64 00 00 00 00 00 00 00 00 00 10 03 00 

03 02 64 00 00 00 00 00 00 00 00 00 10 03 00 

03 02 64 00 00 00 00 00 00 00 00 00 10 03 00 

03 02 64 1F 3C 64 00 00 00 00 00 00 10 03 13 

03 02 64 00 00 00 00 00 00 00 00 00 10 03 00 

03 02 64 00 00 00 00 00 00 00 00 00 10 03 00 

03 02 64 00 00 00 00 00 00 00 00 00 10 03 00 

03 02 64 00 00 00 00 00 00 00 00 00 10 03 00 

03 02 64 00 00 00 00 00 00 00 00 00 10 03 00 

03 02 64 00 00 00 00 00 00 00 00 00 10 03 00 

03 02 64 00 00 00 00 00 00 00 00 00 10 03 00 

03 02 64 00 00 00 00 00 00 00 00 00 10 03 00 

03 02 64 00 00 00 00 00 00 00 00 00 10 03 00 

03 02 64 00 00 00 00 00 00 00 00 00 10 03 00 

03 02 64 00 00 00 00 00 00 00 00 00 10 03 00 

03 02 64 00 00 00 00 00 00 00 00 00 10 03 00 

03 02 64 00 00 00 00 00 00 00 00 00 10 03 00 

03 02 64 00 00 00 00 00 00 00 00 00 10 03 00 

03 02 64 00 00 00 00 00 00 00 00 00 10 03 00 

03 02 64 00 00 00 00 00 00 00 00 00 10 03 00 

03 02 64 00 00 00 00 00 00 00 00 00 10 03 00 

03 02 64 00 00 00 00 00 00 00 00 00 10 03 00 

03 02 64 00 00 00 00 00 00 00 00 00 10 03 00 

03 02 64 00 00 00 00 00 00 00 00 00 10 03 00 

03 02 64 1E B7 64 00 00 00 00 00 00 10 03 15 

02 F8 64 00 00 00 00 00 00 00 00 00 10 03 00 

02 F8 64 00 00 00 00 00 00 00 00 00 10 03 00 

02 F8 64 00 00 00 00 00 00 00 00 00 10 03 00 

02 F8 64 00 00 00 00 00 00 00 00 00 10 03 00 

02 F8 64 00 00 00 00 00 00 00 00 00 10 03 00 

02 F8 64 00 00 00 00 00 00 00 00 00 10 03 00 

02 F8 64 00 00 00 00 00 00 00 00 00 10 03 00 

02 F8 64 00 00 00 00 00 00 00 00 00 10 03 00 

02 F8 64 00 00 00 00 00 00 00 00 00 10 03 00 

02 F8 64 00 00 00 00 00 00 00 00 00 10 03 00 

02 F8 64 00 00 00 00 00 00 00 00 00 10 03 00 

02 F8 64 00 00 00 00 00 00 00 00 00 10 03 00 

02 F8 64 00 00 00 00 00 00 00 00 00 10 03 00 

02 F8 64 00 00 00 00 00 00 00 00 00 10 03 00 

02 F8 64 00 00 00 00 00 00 00 00 00 10 03 00 

02 F8 64 00 00 00 00 00 00 00 00 00 10 03 00 

02 F8 64 00 00 00 00 00 00 00 00 00 10 03 00 

02 F8 64 00 00 00 00 00 00 00 00 00 10 03 00 

02 F8 64 00 00 00 00 00 00 00 00 00 10 03 00 

02 F8 64 1E 51 64 00 00 00 00 00 00 10 03 13 

02 F8 64 00 00 00 00 00 00 00 00 00 10 03 00 

02 F8 64 00 00 00 00 00 00 00 00 00 10 03 00 

02 F8 64 00 00 00 00 00 00 00 00 00 10 03 00 

02 F8 64 00 00 00 00 00 00 00 00 00 10 03 00 

02 F8 64 00 00 00 00 00 00 00 00 00 10 03 00 

02 F8 64 00 00 00 00 00 00 00 00 00 10 03 00 

02 F8 64 00 00 00 00 00 00 00 00 00 10 03 00 

02 F8 64 00 00 00 00 00 00 00 00 00 10 03 00 

02 F8 64 00 00 00 00 00 00 00 00 00 10 03 00 

02 F8 64 00 00 00 00 00 00 00 00 00 10 03 00 

02 F8 64 00 00 00 00 00 00 00 00 00 10 03 00 

02 F8 64 00 00 00 00 00 00 00 00 00 10 03 00 

02 EE 64 00 00 00 00 00 00 00 00 00 10 03 00 

02 EE 64 00 00 00 00 00 00 00 00 00 10 03 00 

02 EE 64 00 00 00 00 00 00 00 00 00 10 03 00 

02 EE 64 00 00 00 00 00 00 00 00 00 10 03 00 

02 EE 64 00 00 00 00 00 00 00 00 00 10 03 00 

02 EE 64 00 00 00 00 00 00 00 00 00 10 03 00 

02 EE 64 00 00 00 00 00 00 00 00 00 10 03 00 

02 EE 64 1E 17 64 00 00 00 00 00 00 10 03 13 

02 EE 64 00 00 00 00 00 00 00 00 00 10 03 00 

02 EE 64 00 00 00 00 00 00 00 00 00 10 03 00 

02 EE 64 00 00 00 00 00 00 00 00 00 10 03 00 

02 EE 64 00 00 00 00 00 00 00 00 00 10 03 00 

02 EE 64 00 00 00 00 00 00 00 00 00 10 03 00 

02 EE 64 00 00 00 00 00 00 00 00 00 10 03 00 

02 EE 64 00 00 00 00 00 00 00 00 00 10 03 00 

02 EE 64 00 00 00 00 00 00 00 00 00 10 03 00 

02 EE 64 00 00 00 00 00 00 00 00 00 10 03 00 

02 EE 64 00 00 00 00 00 00 00 00 00 10 03 00 

02 EE 64 00 00 00 00 00 00 00 00 00 10 03 00 

02 EE 64 00 00 00 00 00 00 00 00 00 10 03 00 

02 EE 64 00 00 00 00 00 00 00 00 00 10 03 00 

02 EE 64 00 00 00 00 00 00 00 00 00 10 03 00 

02 EE 64 00 00 00 00 00 00 00 00 00 10 03 00 

02 EE 64 00 00 00 00 00 00 00 00 00 10 03 00 

02 EE 64 00 00 00 00 00 00 00 00 00 10 03 00 

02 EE 64 00 00 00 00 00 00 00 00 00 10 03 00 

02 EE 64 1D 6D 64 00 00 00 00 00 00 10 03 00 

02 EE 64 00 00 00 00 00 00 00 00 00 10 03 00 

02 EE 64 00 00 00 00 00 00 00 00 00 10 03 00 

02 EE 64 00 00 00 00 00 00 00 00 00 10 03 00 

02 EE 64 00 00 00 00 00 00 00 00 00 10 03 00 

02 EE 64 00 00 00 00 00 00 00 00 00 10 03 00 

02 EE 64 00 00 00 00 00 00 00 00 00 10 03 00 

02 EE 64 00 00 00 00 00 00 00 00 00 10 03 00 

02 EE 64 00 00 00 00 00 00 00 00 00 10 03 00 

02 EE 64 00 00 00 00 00 00 00 00 00 10 03 00 

02 EE 64 00 00 00 00 00 00 00 00 00 10 03 00 

02 EE 64 00 00 00 00 00 00 00 00 00 10 03 00 

02 EE 64 00 00 00 00 00 00 00 00 00 10 03 00 

02 EE 64 00 00 00 00 00 00 00 00 00 10 03 00 

02 EE 64 00 00 00 00 00 00 00 00 00 10 03 00 

02 EE 64 00 00 00 00 00 00 00 00 00 10 03 00 

02 EE 64 00 00 00 00 00 00 00 00 00 10 03 00 

02 EE 64 00 00 00 00 00 00 00 00 00 10 03 00 

02 EE 64 00 00 00 00 00 00 00 00 00 10 03 00 

02 EE 64 1D 04 64 00 00 00 00 00 00 10 03 26 

02 EE 64 00 00 00 00 00 00 00 00 00 10 03 00 

02 EE 64 00 00 00 00 00 00 00 00 00 10 03 00 

02 EE 64 00 00 00 00 00 00 00 00 00 10 03 00 

02 EE 64 00 00 00 00 00 00 00 00 00 10 03 00 

02 EE 64 00 00 00 00 00 00 00 00 00 10 03 00 

02 EE 64 00 00 00 00 00 00 00 00 00 10 03 00 

02 EE 64 00 00 00 00 00 00 00 00 00 10 03 00 

02 EE 64 00 00 00 00 00 00 00 00 00 10 03 00 

02 EE 64 00 00 00 00 00 00 00 00 00 10 03 00 

02 EE 64 00 00 00 00 00 00 00 00 00 10 03 00 

02 EE 64 00 00 00 00 00 00 00 00 00 10 03 00 

02 EE 64 00 00 00 00 00 00 00 00 00 10 03 00 

02 EE 64 00 00 00 00 00 00 00 00 00 10 03 00 

02 EE 64 00 00 00 00 00 00 00 00 00 10 03 00 

02 EE 64 00 00 00 00 00 00 00 00 00 10 03 00 

02 EE 64 00 00 00 00 00 00 00 00 00 10 03 00 

02 EE 64 00 00 00 00 00 00 00 00 00 10 03 00 

02 EE 64 00 00 00 00 00 00 00 00 00 10 03 00 

02 EE 64 1E 05 64 00 00 00 00 00 00 10 03 13 

02 EE 64 00 00 00 00 00 00 00 00 00 10 03 00 

02 EE 64 00 00 00 00 00 00 00 00 00 10 03 00 

02 EE 64 00 00 00 00 00 00 00 00 00 10 03 00 

02 EE 64 00 00 00 00 00 00 00 00 00 10 03 00 

02 EE 64 00 00 00 00 00 00 00 00 00 10 03 00 

02 EE 64 00 00 00 00 00 00 00 00 00 10 03 00 

02 EE 64 00 00 00 00 00 00 00 00 00 10 03 00 

02 EE 64 00 00 00 00 00 00 00 00 00 10 03 00 

02 EE 64 00 00 00 00 00 00 00 00 00 10 03 00 

02 EE 64 00 00 00 00 00 00 00 00 00 10 03 00 

02 EE 64 00 00 00 02 41 63 03 CB E4 10 03 00 

02 EE 64 00 00 00 02 41 63 03 CB 00 10 03 00 

02 EE 64 00 00 00 02 41 63 03 CB 00 10 03 00 

02 EE 64 00 00 00 02 41 63 03 CB 00 10 03 00 

02 EE 64 00 00 00 02 41 63 03 CB 00 10 03 00 

02 EE 64 00 00 00 02 41 63 03 CB 00 10 03 00 

02 EE 64 00 00 00 02 41 63 03 CB 00 10 03 00 

02 EE 64 00 00 00 02 41 63 03 CB 00 10 03 00 

02 EE 64 1D B2 64 02 41 63 03 CB 00 10 03 13 

02 EE 64 00 00 00 02 41 63 03 CB 00 10 03 00 

02 EE 64 00 00 00 02 41 63 03 CB 00 10 03 00 

02 EE 64 00 00 00 02 41 63 03 CB 00 10 03 00 

02 EE 64 00 00 00 02 41 63 03 CB 00 10 03 00 

02 EE 64 00 00 00 02 41 63 03 CB 00 10 03 00 

02 EE 64 00 00 00 02 41 63 03 CB 00 10 03 00 

02 EE 64 00 00 00 02 41 63 03 CB 00 10 03 00 

02 EE 64 00 00 00 02 41 63 03 CB 00 10 03 00 

02 EE 64 00 00 00 02 41 63 03 CB 00 10 03 00 

02 EE 64 00 00 00 02 41 63 03 CB 00 10 03 00 

02 EE 64 00 00 00 02 41 63 03 CB 00 10 03 00 

02 EE 64 00 00 00 02 41 63 03 CB 00 10 03 00 

02 EE 64 00 00 00 02 41 63 03 CB 00 10 03 00 

02 EE 64 00 00 00 02 41 63 03 CB 00 10 03 00 

02 EE 64 00 00 00 02 41 63 03 CB 00 10 03 00 

02 EE 64 00 00 00 02 41 63 03 CB 00 10 03 00 

02 EE 64 00 00 00 02 45 63 03 CA E4 10 03 00 

02 EE 64 00 00 00 02 45 63 03 CA 00 10 03 00 

02 EE 64 1E 5D 64 02 45 63 03 CA 00 10 03 13 

02 EE 64 00 00 00 02 45 63 03 CA 00 10 03 00 

02 EE 64 00 00 00 02 45 63 03 CA 00 10 03 00 

02 EE 64 00 00 00 02 45 63 03 CA 00 10 03 00 

02 EE 64 00 00 00 02 45 63 03 CA 00 10 03 00 

02 EE 64 00 00 00 02 45 63 03 CA 00 10 03 00 

02 EE 64 00 00 00 02 45 63 03 CA 00 10 03 00 

02 EE 64 00 00 00 02 45 63 03 CA 00 10 03 00 

02 EE 64 00 00 00 02 45 63 03 CA 00 10 03 00 

02 EE 64 00 00 00 02 45 63 03 CA 00 10 03 00 

02 EE 64 00 00 00 02 45 63 03 CA 00 10 03 00 

02 EE 64 00 00 00 02 45 63 03 CA 00 10 03 00 

02 EE 64 00 00 00 02 45 63 03 CA 00 10 03 00 

02 EE 64 00 00 00 02 45 63 03 CA 00 10 03 00 

02 EE 64 00 00 00 02 45 63 03 CA 00 10 03 00 

02 EE 64 00 00 00 02 45 63 03 CA 00 10 03 00 

02 EE 64 00 00 00 02 45 63 03 CA 00 10 03 00 

02 EE 64 00 00 00 02 45 63 03 CA 00 10 03 00 

02 EE 64 00 00 00 02 45 63 03 CA 00 10 03 00 

02 EE 64 00 00 00 02 45 63 03 CA 00 10 03 00 

02 EE 64 1E B1 64 02 45 63 03 CA 00 10 03 14 

02 EE 64 00 00 00 02 45 63 03 CA 00 10 03 00 

02 EE 64 00 00 00 02 45 63 03 CA 00 10 03 00 

02 EE 64 00 00 00 02 45 63 03 CA 00 10 03 00 

02 EE 64 00 00 00 02 46 64 03 CA E4 10 03 00 

02 EE 64 00 00 00 02 46 64 03 CA 00 10 03 00 

02 EE 64 00 00 00 02 46 64 03 CA 00 10 03 00 

02 EE 64 00 00 00 02 46 64 03 CA 00 10 03 00 

02 EE 64 00 00 00 02 46 64 03 CA 00 10 03 00 

02 EE 64 00 00 00 02 46 64 03 CA 00 10 03 00 

02 EE 64 00 00 00 02 46 64 03 CA 00 10 03 00 

02 EE 64 00 00 00 02 46 64 03 CA 00 10 03 00 

02 EE 64 00 00 00 02 46 64 03 CA 00 10 03 00 

02 EE 64 00 00 00 02 46 64 03 CA 00 10 03 00 

02 EE 64 00 00 00 02 46 64 03 CA 00 10 03 00 

02 EE 64 00 00 00 02 46 64 03 CA 00 10 03 00 

02 EE 64 00 00 00 02 46 64 03 CA 00 10 03 00 

02 EE 64 00 00 00 02 46 64 03 CA 00 10 03 00 

02 EE 64 00 00 00 02 46 64 03 CA 00 10 03 00 

02 EE 64 00 00 00 02 46 64 03 CA 00 10 03 00 

02 EE 64 00 00 00 02 46 64 03 CA 00 10 03 00 

02 EE 64 1E C6 64 02 46 64 03 CA 00 10 03 13 

02 EE 64 00 00 00 02 46 64 03 CA 00 10 03 00 

02 EE 64 00 00 00 02 46 64 03 CA 00 10 03 00 

02 EE 64 00 00 00 02 46 64 03 CA 00 10 03 00 

02 E4 64 00 00 00 02 46 64 03 CA 00 10 03 00 

02 E4 64 00 00 00 02 46 64 03 CA 00 10 03 00 

02 E4 64 00 00 00 02 46 64 03 CA 00 10 03 00 

02 E4 64 00 00 00 02 46 64 03 CA 00 10 03 00 

02 E4 64 00 00 00 02 46 64 03 CA 00 10 03 00 

02 E4 64 00 00 00 02 46 63 03 CA E4 10 03 00 

02 E4 64 00 00 00 02 46 63 03 CA 00 10 03 00 

02 E4 64 00 00 00 02 46 63 03 CA 00 10 03 00 

02 E4 64 00 00 00 02 46 63 03 CA 00 10 03 00 

02 E4 64 00 00 00 02 46 63 03 CA 00 10 03 00 

02 E4 64 00 00 00 02 46 63 03 CA 00 10 03 00 

02 E4 64 00 00 00 02 46 63 03 CA 00 10 03 00 

02 E4 64 00 00 00 02 46 63 03 CA 00 10 03 00 

02 E4 64 00 00 00 02 46 63 03 CA 00 10 03 00 

02 E4 64 00 00 00 02 46 63 03 CA 00 10 03 00 

02 E4 64 00 00 00 02 46 63 03 CA 00 10 03 00 

02 E4 64 1F 63 64 02 46 63 03 CA 00 10 03 14 

02 E4 64 00 00 00 02 46 63 03 CA 00 10 03 00 

02 E4 64 00 00 00 02 46 63 03 CA 00 10 03 00 

02 E4 64 00 00 00 02 46 63 03 CA 00 10 03 00 

02 E4 64 00 00 00 02 46 63 03 CA 00 10 03 00 

02 E4 64 00 00 00 02 46 63 03 CA 00 10 03 00 

02 E4 64 00 00 00 02 46 63 03 CA 00 10 03 00 

02 E4 64 00 00 00 02 46 63 03 CA 00 10 03 00 

02 E4 64 00 00 00 02 46 63 03 CA 00 10 03 00 

02 E4 64 00 00 00 02 46 63 03 CA 00 10 03 00 

02 E4 64 00 00 00 02 46 63 03 CA 00 10 03 00 

02 E4 64 00 00 00 02 46 63 03 CA 00 10 03 00 

02 E4 64 00 00 00 02 46 63 03 CA 00 10 03 00 

02 E4 64 00 00 00 02 46 63 03 CA 00 10 03 00 

02 E4 64 00 00 00 02 47 63 03 CA E4 10 03 00 

02 E4 64 00 00 00 02 47 63 03 CA 00 10 03 00 

02 E4 64 00 00 00 02 47 63 03 CA 00 10 03 00 

02 E4 64 00 00 00 02 47 63 03 CA 00 10 03 00 

02 E4 64 00 00 00 02 47 63 03 CA 00 10 03 00 

02 E4 64 00 00 00 02 47 63 03 CA 00 10 03 00 

02 E4 64 00 00 00 02 47 63 03 CA 00 10 03 00 

02 E4 64 1F 7A 64 02 47 63 03 CA 00 10 03 15 

02 E4 64 00 00 00 02 47 63 03 CA 00 10 03 00 

02 E4 64 00 00 00 02 47 63 03 CA 00 10 03 00 

02 E4 64 00 00 00 02 47 63 03 CA 00 10 03 00 

02 E4 64 00 00 00 02 47 63 03 CA 00 10 03 00 

02 E4 64 00 00 00 02 47 63 03 CA 00 10 03 00 

02 E4 64 00 00 00 02 47 63 03 CA 00 10 03 00 

02 E4 64 00 00 00 02 47 63 03 CA 00 10 03 00 

02 E4 64 00 00 00 02 47 63 03 CA 00 10 03 00 

02 E4 64 00 00 00 02 47 63 03 CA 00 10 03 00 

02 E4 64 00 00 00 02 47 63 03 CA 00 10 03 00 

02 E4 64 00 00 00 02 47 63 03 CA 00 10 03 00 

02 E4 64 00 00 00 02 47 63 03 CA 00 10 03 00 

02 E4 64 00 00 00 02 47 63 03 CA 00 10 03 00 

02 E4 64 00 00 00 02 47 63 03 CA 00 10 03 00 

02 E4 64 00 00 00 02 47 63 03 CA 00 10 03 00 

02 E4 64 00 00 00 02 47 63 03 CA 00 10 03 00 

02 E4 64 00 00 00 02 47 63 03 CA 00 10 03 00 

02 E4 64 00 00 00 02 47 63 03 CA E4 10 03 00 

02 E4 64 00 00 00 02 47 63 03 CA 00 10 03 00 

02 E4 64 1F 89 64 02 47 63 03 CA 00 10 03 14 

02 E4 64 00 00 00 02 47 63 03 CA 00 10 03 00 

02 E4 64 00 00 00 02 47 63 03 CA 00 10 03 00 

02 E4 64 00 00 00 02 47 63 03 CA 00 10 03 00 

02 E4 64 00 00 00 02 47 63 03 CA 00 10 03 00 

02 E4 64 00 00 00 02 47 63 03 CA 00 10 03 00 

02 E4 64 00 00 00 02 47 63 03 CA 00 10 03 00 

02 E4 64 00 00 00 02 47 63 03 CA 00 10 03 00 

02 E4 64 00 00 00 02 47 63 03 CA 00 10 03 00 

02 E4 64 00 00 00 02 47 63 03 CA 00 10 03 00 

02 E4 64 00 00 00 02 47 63 03 CA 00 10 03 00 

02 E4 64 00 00 00 02 47 63 03 CA 00 10 03 00 

02 E4 64 00 00 00 02 47 63 03 CA 00 10 03 00 

02 E4 64 00 00 00 02 47 63 03 CA 00 10 03 00 

02 E4 64 00 00 00 02 47 63 03 CA 00 10 03 00 

02 E4 64 00 00 00 02 47 63 03 CA 00 10 03 00 

02 E4 64 00 00 00 02 47 63 03 CA 00 10 03 00 

02 E4 64 00 00 00 02 47 63 03 CA 00 10 03 00 

02 E4 64 00 00 00 02 47 63 03 CA 00 10 03 00 

02 E4 64 00 00 00 02 47 63 03 CA 00 10 03 00 

02 E4 64 1E D4 64 02 47 63 03 CA 00 10 03 14 

02 E4 64 00 00 00 02 47 63 03 CA 00 10 03 00 

02 E4 64 00 00 00 02 47 63 03 CA 00 10 03 00 

02 E4 64 00 00 00 02 47 63 03 CA E4 10 03 00 

02 E4 64 00 00 00 02 47 63 03 CA 00 10 03 00 

02 E4 64 00 00 00 02 47 63 03 CA 00 10 03 00 

02 E4 64 00 00 00 02 47 63 03 CA 00 10 03 00 

02 E4 64 00 00 00 02 47 63 03 CA 00 10 03 00 

02 E4 64 00 00 00 02 47 63 03 CA 00 10 03 00 

02 E4 64 00 00 00 02 47 63 03 CA 00 10 03 00 

02 E4 64 00 00 00 02 47 63 03 CA 00 10 03 00 

02 E4 64 00 00 00 02 47 63 03 CA 00 10 03 00 

02 E4 64 00 00 00 02 47 63 03 CA 00 10 03 00 

02 E4 64 00 00 00 02 47 63 03 CA 00 10 03 00 

02 E4 64 00 00 00 02 47 63 03 CA 00 10 03 00 

02 E4 64 00 00 00 02 47 63 03 CA 00 10 03 00 

02 E4 64 00 00 00 02 47 63 03 CA 00 10 03 00 

02 E4 64 00 00 00 02 47 63 03 CA 00 10 03 00 

02 E4 64 00 00 00 02 47 63 03 CA 00 10 03 00 

02 E4 64 1E A5 64 02 47 63 03 CA 00 10 03 13 

02 E4 64 00 00 00 02 47 63 03 CA 00 10 03 00 

02 E4 64 00 00 00 02 47 63 03 CA 00 10 03 00 

02 E4 64 00 00 00 02 47 63 03 CA 00 10 03 00 

02 E4 64 00 00 00 02 47 63 03 CA 00 10 03 00 

02 E4 64 00 00 00 02 47 63 03 CA 00 10 03 00 

02 E4 64 00 00 00 02 47 63 03 CA 00 10 03 00 

02 E4 64 00 00 00 02 47 63 03 CA 00 10 03 00 

02 E4 64 00 00 00 02 47 63 03 CA 00 10 03 00 

02 E4 64 00 00 00 02 47 64 03 CA E4 10 03 00 

02 E4 64 00 00 00 02 47 64 03 CA 00 10 03 00 

02 E4 64 00 00 00 02 47 64 03 CA 00 10 03 00 

02 E4 64 00 00 00 02 47 64 03 CA 00 10 03 00 

02 E4 64 00 00 00 02 47 64 03 CA 00 10 03 00 

02 E4 64 00 00 00 02 47 64 03 CA 00 10 03 00 

02 E4 64 00 00 00 02 47 64 03 CA 00 10 03 00 

02 E4 64 00 00 00 02 47 64 03 CA 00 10 03 00 

02 E4 64 00 00 00 02 47 64 03 CA 00 10 03 00 

02 E4 64 00 00 00 02 47 64 03 CA 00 10 03 00 

02 E4 64 00 00 00 02 47 64 03 CA 00 10 03 00 

02 E4 64 1E 60 64 02 47 64 03 CA 00 10 03 14 

02 E4 64 00 00 00 02 47 64 03 CA 00 10 03 00 

02 E4 64 00 00 00 02 47 64 03 CA 00 10 03 00 

02 E4 64 00 00 00 02 47 64 03 CA 00 10 03 00 

02 EE 64 00 00 00 02 47 64 03 CA 00 10 03 00 

02 EE 64 00 00 00 02 47 64 03 CA 00 10 03 00 

02 EE 64 00 00 00 02 47 64 03 CA 00 10 03 00 

02 EE 64 00 00 00 02 47 64 03 CA 00 10 03 00 

02 EE 64 00 00 00 02 47 64 03 CA 00 10 03 00 

02 EE 64 00 00 00 02 47 64 03 CA 00 10 03 00 

02 EE 64 00 00 00 02 47 64 03 CA 00 10 03 00 

02 EE 64 00 00 00 02 47 64 03 CA 00 10 03 00 

02 EE 64 00 00 00 02 47 64 03 CA 00 10 03 00 

02 EE 64 00 00 00 02 47 64 03 CA 00 10 03 00 

02 EE 64 00 00 00 02 47 64 03 CA 00 10 03 00 

02 EE 64 00 00 00 02 44 64 03 CB E4 10 03 00 

02 EE 64 00 00 00 02 44 64 03 CB 00 10 03 00 

02 EE 64 00 00 00 02 44 64 03 CB 00 10 03 00 

02 EE 64 00 00 00 02 44 64 03 CB 00 10 03 00 

02 EE 64 00 00 00 02 44 64 03 CB 00 10 03 00 

02 EE 64 1E 79 64 02 44 64 03 CB 00 10 03 13 

02 EE 64 00 00 00 02 44 64 03 CB 00 10 03 00 

02 EE 64 00 00 00 02 44 64 03 CB 00 10 03 00 

02 EE 64 00 00 00 02 44 64 03 CB 00 10 03 00 

02 EE 64 00 00 00 02 44 64 03 CB 00 10 03 00 

02 EE 64 00 00 00 02 44 64 03 CB 00 10 03 00 

02 EE 64 00 00 00 02 44 64 03 CB 00 10 03 00 

02 EE 64 00 00 00 02 44 64 03 CB 00 10 03 00 

02 EE 64 00 00 00 02 44 64 03 CB 00 10 03 00 

02 EE 64 00 00 00 02 44 64 03 CB 00 10 03 00 

02 EE 64 00 00 00 02 44 64 03 CB 00 10 03 00 

02 EE 64 00 00 00 02 44 64 03 CB 00 10 03 00 

02 EE 64 00 00 00 02 44 64 03 CB 00 10 03 00 

02 EE 64 00 00 00 02 44 64 03 CB 00 10 03 00 

02 EE 64 00 00 00 02 44 64 03 CB 00 10 03 00 

02 EE 64 00 00 00 02 44 64 03 CB 00 10 03 00 

02 EE 64 00 00 00 02 44 64 03 CB 00 10 03 00 

02 EE 64 00 00 00 02 44 64 03 CB 00 10 03 00 

02 EE 64 00 00 00 02 44 64 03 CB 00 10 03 00 

02 EE 64 1E 46 64 02 44 64 03 CB 00 10 03 13 

02 EE 64 00 00 00 02 40 64 03 CB E4 10 03 00 

02 EE 64 00 00 00 02 40 64 03 CB 00 10 03 00 

02 EE 64 00 00 00 02 40 64 03 CB 00 10 03 00 

02 EE 64 00 00 00 02 40 64 03 CB 00 10 03 00 

02 EE 64 00 00 00 02 40 64 03 CB 00 10 03 00 

02 EE 64 00 00 00 02 40 64 03 CB 00 10 03 00 

02 EE 64 00 00 00 02 40 64 03 CB 00 10 03 00 

02 EE 64 00 00 00 02 40 64 03 CB 00 10 03 00 

02 EE 64 00 00 00 02 40 64 03 CB 00 10 03 00 

02 EE 64 00 00 00 02 40 64 03 CB 00 10 03 00 

02 EE 64 00 00 00 02 40 64 03 CB 00 10 03 00 

02 EE 64 00 00 00 02 40 64 03 CB 00 10 03 00 

02 EE 64 00 00 00 02 40 64 03 CB 00 10 03 00 

02 EE 64 00 00 00 02 40 64 03 CB 00 10 03 00 

02 EE 64 00 00 00 02 40 64 03 CB 00 10 03 00 

02 EE 64 00 00 00 02 40 64 03 CB 00 10 03 00 

02 EE 64 00 00 00 02 40 64 03 CB 00 10 03 00 

02 EE 64 00 00 00 02 40 64 03 CB 00 10 03 00 

02 EE 64 00 00 00 02 40 64 03 CB 00 10 03 00 

02 EE 64 1E 14 64 02 40 64 03 CB 00 10 03 14 

02 EE 64 00 00 00 02 40 64 03 CB 00 10 03 00 

02 EE 64 00 00 00 02 40 64 03 CB 00 10 03 00 

02 EE 64 00 00 00 02 40 64 03 CB 00 10 03 00 

02 EE 64 00 00 00 02 40 64 03 CB 00 10 03 00 

02 EE 64 00 00 00 02 40 64 03 CB 00 10 03 00 

02 EE 64 00 00 00 02 3F 64 03 CC E4 10 03 00 

02 EE 64 00 00 00 02 3F 64 03 CC 00 10 03 00 

02 EE 64 00 00 00 02 3F 64 03 CC 00 10 03 00 

02 EE 64 00 00 00 02 3F 64 03 CC 00 10 03 00 

02 EE 64 00 00 00 02 3F 64 03 CC 00 10 03 00 

02 F8 64 00 00 00 02 3F 64 03 CC 00 10 03 00 

02 F8 64 00 00 00 02 3F 64 03 CC 00 10 03 00 

02 F8 64 00 00 00 02 3F 64 03 CC 00 10 03 00 

02 F8 64 00 00 00 02 3F 64 03 CC 00 10 03 00 

02 F8 64 00 00 00 02 3F 64 03 CC 00 10 03 00 

02 F8 64 00 00 00 02 3F 64 03 CC 00 10 03 00 

02 F8 64 00 00 00 02 3F 64 03 CC 00 10 03 00 

02 F8 64 00 00 00 02 3F 64 03 CC 00 10 03 00 

02 F8 64 1D DF 64 02 3F 64 03 CC 00 10 03 13 

02 F8 64 00 00 00 02 3F 64 03 CC 00 10 03 00 

02 F8 64 00 00 00 02 3F 64 03 CC 00 10 03 00 

02 F8 64 00 00 00 02 3F 64 03 CC 00 10 03 00 

02 F8 64 00 00 00 02 3F 64 03 CC 00 10 03 00 

02 F8 64 00 00 00 02 3F 64 03 CC 00 10 03 00 

02 F8 64 00 00 00 02 3F 64 03 CC 00 10 03 00 

02 F8 64 00 00 00 02 3F 64 03 CC 00 10 03 00 

02 F8 64 00 00 00 02 3F 64 03 CC 00 10 03 00 

02 F8 64 00 00 00 02 3F 64 03 CC 00 10 03 00 

02 F8 64 00 00 00 02 3F 64 03 CC 00 10 03 00 

02 F8 64 00 00 00 02 3F 64 03 CC 00 10 03 00 

02 F8 64 00 00 00 02 3D 64 03 CC E4 10 03 00 

02 F8 64 00 00 00 02 3D 64 03 CC 00 10 03 00 

02 F8 64 00 00 00 02 3D 64 03 CC 00 10 03 00 

02 F8 64 00 00 00 02 3D 64 03 CC 00 10 03 00 

02 F8 64 00 00 00 02 3D 64 03 CC 00 10 03 00 

02 F8 64 00 00 00 02 3D 64 03 CC 00 10 03 00 

02 F8 64 00 00 00 02 3D 64 03 CC 00 10 03 00 

02 F8 64 1E 91 64 02 3D 64 03 CC 00 10 03 13 

02 F8 64 00 00 00 02 3D 64 03 CC 00 10 03 00 

02 F8 64 00 00 00 02 3D 64 03 CC 00 10 03 00 

02 F8 64 00 00 00 02 3D 64 03 CC 00 10 03 00 

02 F8 64 00 00 00 02 3D 64 03 CC 00 10 03 00 

02 F8 64 00 00 00 02 3D 64 03 CC 00 10 03 00 

02 F8 64 00 00 00 02 3D 64 03 CC 00 10 03 00 

02 F8 64 00 00 00 02 3D 64 03 CC 00 10 03 00 

02 F8 64 00 00 00 02 3D 64 03 CC 00 10 03 00 

02 F8 64 00 00 00 02 3D 64 03 CC 00 10 03 00 

02 F8 64 00 00 00 02 3D 64 03 CC 00 10 03 00 

02 F8 64 00 00 00 02 3D 64 03 CC 00 10 03 00 

02 F8 64 00 00 00 02 3D 64 03 CC 00 10 03 00 

02 F8 64 00 00 00 02 3D 64 03 CC 00 10 03 00 

02 F8 64 00 00 00 02 3D 64 03 CC 00 10 03 00 

02 F8 64 00 00 00 02 3D 64 03 CC 00 10 03 00 

02 F8 64 00 00 00 02 3D 64 03 CC 00 10 03 00 

02 F8 64 00 00 00 02 3D 64 03 CC 00 10 03 00 

02 F8 64 00 00 00 02 3C 64 03 CD E4 10 03 00 

02 F8 64 00 00 00 02 3C 64 03 CD 00 10 03 00 

02 F8 64 1E C9 64 02 3C 64 03 CD 00 10 03 14 

02 F8 64 00 00 00 02 3C 64 03 CD 00 10 03 00 

02 F8 64 00 00 00 02 3C 64 03 CD 00 10 03 00 

02 F8 64 00 00 00 02 3C 64 03 CD 00 10 03 00 

02 F8 64 00 00 00 02 3C 64 03 CD 00 10 03 00 

02 F8 64 00 00 00 02 3C 64 03 CD 00 10 03 00 

02 F8 64 00 00 00 02 3C 64 03 CD 00 10 03 00 

02 F8 64 00 00 00 02 3C 64 03 CD 00 10 03 00 

02 F8 64 00 00 00 02 3C 64 03 CD 00 10 03 00 

02 F8 64 00 00 00 02 3C 64 03 CD 00 10 03 00 

02 F8 64 00 00 00 02 3C 64 03 CD 00 10 03 00 

02 F8 64 00 00 00 02 3C 64 03 CD 00 10 03 00 

02 F8 64 00 00 00 02 3C 64 03 CD 00 10 03 00 

02 F8 64 00 00 00 02 3C 64 03 CD 00 10 03 00 

02 F8 64 00 00 00 02 3C 64 03 CD 00 10 03 00 

02 F8 64 00 00 00 02 3C 64 03 CD 00 10 03 00 

02 F8 64 00 00 00 02 3C 64 03 CD 00 10 03 00 

02 F8 64 00 00 00 02 3C 64 03 CD 00 10 03 00 

02 F8 64 00 00 00 02 3C 64 03 CD 00 10 03 00 

02 F8 64 00 00 00 02 3C 64 03 CD 00 10 03 00 

02 F8 64 1E B1 64 02 3C 64 03 CD 00 10 03 14 

02 F8 64 00 00 00 02 3C 64 03 CD 00 10 03 00 

02 F8 64 00 00 00 02 3C 64 03 CD 00 10 03 00 

02 F8 64 00 00 00 02 3C 64 03 CD 00 10 03 00 

02 F8 64 00 00 00 02 3A 64 03 CD E4 10 03 00 

02 F8 64 00 00 00 02 3A 64 03 CD 00 10 03 00 

02 F8 64 00 00 00 02 3A 64 03 CD 00 10 03 00 

02 F8 64 00 00 00 02 3A 64 03 CD 00 10 03 00 

02 F8 64 00 00 00 02 3A 64 03 CD 00 10 03 00 

02 F8 64 00 00 00 02 3A 64 03 CD 00 10 03 00 

02 F8 64 00 00 00 02 3A 64 03 CD 00 10 03 00 

02 F8 64 00 00 00 02 3A 64 03 CD 00 10 03 00 

02 F8 64 00 00 00 02 3A 64 03 CD 00 10 03 00 

02 F8 64 00 00 00 02 3A 64 03 CD 00 10 03 00 

02 F8 64 00 00 00 02 3A 64 03 CD 00 10 03 00 

02 F8 64 00 00 00 02 3A 64 03 CD 00 10 03 00 

02 F8 64 00 00 00 02 3A 64 03 CD 00 10 03 00 

02 F8 64 00 00 00 02 3A 64 03 CD 00 10 03 00 

02 F8 64 00 00 00 02 3A 64 03 CD 00 10 03 00 

02 F8 64 00 00 00 02 3A 64 03 CD 00 10 03 00 

02 F8 64 00 00 00 02 3A 64 03 CD 00 10 03 00 

02 F8 64 1E 6F 64 02 3A 64 03 CD 00 10 03 13 

02 F8 64 00 00 00 02 3A 64 03 CD 00 10 03 00 

02 F8 64 00 00 00 02 3A 64 03 CD 00 10 03 00 

02 F8 64 00 00 00 02 3A 64 03 CD 00 10 03 00 

02 F8 64 00 00 00 02 3A 64 03 CD 00 10 03 00 

02 F8 64 00 00 00 02 3A 64 03 CD 00 10 03 00 

02 F8 64 00 00 00 02 3A 64 03 CD 00 10 03 00 

02 F8 64 00 00 00 02 3A 64 03 CD 00 10 03 00 

02 F8 64 00 00 00 02 3A 64 03 CD 00 10 03 00 

02 F8 64 00 00 00 02 39 64 03 CD E4 10 03 00 

02 F8 64 00 00 00 02 39 64 03 CD 00 10 03 00 

02 F8 64 00 00 00 02 39 64 03 CD 00 10 03 00 

02 F8 64 00 00 00 02 39 64 03 CD 00 10 03 00 

02 F8 64 00 00 00 02 39 64 03 CD 00 10 03 00 

02 F8 64 00 00 00 02 39 64 03 CD 00 10 03 00 

02 F8 64 00 00 00 02 39 64 03 CD 00 10 03 00 

02 F8 64 00 00 00 02 39 64 03 CD 00 10 03 00 

02 F8 64 00 00 00 02 39 64 03 CD 00 10 03 00 

02 F8 64 00 00 00 02 39 64 03 CD 00 10 03 00 

02 F8 64 00 00 00 02 39 64 03 CD 00 10 03 00 

02 F8 64 1E 8A 64 02 39 64 03 CD 00 10 03 14 

02 F8 64 00 00 00 02 39 64 03 CD 00 10 03 00 

02 F8 64 00 00 00 02 39 64 03 CD 00 10 03 00 

02 F8 64 00 00 00 02 39 64 03 CD 00 10 03 00 

02 F8 64 00 00 00 02 39 64 03 CD 00 10 03 00 

02 F8 64 00 00 00 02 39 64 03 CD 00 10 03 00 

02 F8 64 00 00 00 02 39 64 03 CD 00 10 03 00 

02 F8 64 00 00 00 02 39 64 03 CD 00 10 03 00 

02 F8 64 00 00 00 02 39 64 03 CD 00 10 03 00 

02 F8 64 00 00 00 02 39 64 03 CD 00 10 03 00 

02 F8 64 00 00 00 02 39 64 03 CD 00 10 03 00 

02 F8 64 00 00 00 02 39 64 03 CD 00 10 03 00 

02 F8 64 00 00 00 02 39 64 03 CD 00 10 03 00 

02 F8 64 00 00 00 02 39 64 03 CD 00 10 03 00 

02 F8 64 00 00 00 02 38 64 03 CE E4 10 03 00 

02 F8 64 00 00 00 02 38 64 03 CE 00 10 03 00 

02 F8 64 00 00 00 02 38 64 03 CE 00 10 03 00 

02 F8 64 00 00 00 02 38 64 03 CE 00 10 03 00 

02 F8 64 00 00 00 02 38 64 03 CE 00 10 03 00 

02 F8 64 00 00 00 02 38 64 03 CE 00 10 03 00 

02 F8 64 1E E1 64 02 38 64 03 CE 00 10 03 14 

02 F8 64 00 00 00 02 38 64 03 CE 00 10 03 00 

02 F8 64 00 00 00 02 38 64 03 CE 00 10 03 00 

02 F8 64 00 00 00 02 38 64 03 CE 00 10 03 00 

02 F8 64 00 00 00 02 38 64 03 CE 00 10 03 00 

02 F8 64 00 00 00 02 38 64 03 CE 00 10 03 00 

02 F8 64 00 00 00 02 38 64 03 CE 00 10 03 00 

02 F8 64 00 00 00 02 38 64 03 CE 00 10 03 00 

02 F8 64 00 00 00 02 38 64 03 CE 00 10 03 00 

02 F8 64 00 00 00 02 38 64 03 CE 00 10 03 00 

02 F8 64 00 00 00 02 38 64 03 CE 00 10 03 00 

02 F8 64 00 00 00 02 38 64 03 CE 00 10 03 00 

02 F8 64 00 00 00 02 38 64 03 CE 00 10 03 00 

02 F8 64 00 00 00 02 38 64 03 CE 00 10 03 00 

02 F8 64 00 00 00 02 38 64 03 CE 00 10 03 00 

02 F8 64 00 00 00 02 38 64 03 CE 00 10 03 00 

02 F8 64 00 00 00 02 38 64 03 CE 00 10 03 00 

02 F8 64 00 00 00 02 38 64 03 CE 00 10 03 00 

02 F8 64 00 00 00 02 38 64 03 CE 00 10 03 00 

02 F8 64 00 00 00 02 38 64 03 CE E4 10 03 00 

02 F8 64 1F 47 64 02 38 64 03 CE 00 10 03 00 

02 F8 64 00 00 00 02 38 64 03 CE 00 10 03 00 

02 F8 64 00 00 00 02 38 64 03 CE 00 10 03 00 

02 F8 64 00 00 00 02 38 64 03 CE 00 10 03 00 

02 F8 64 00 00 00 02 38 64 03 CE 00 10 03 00 

02 F8 64 00 00 00 02 38 64 03 CE 00 10 03 00 

02 F8 64 00 00 00 02 38 64 03 CE 00 10 03 00 

02 F8 64 00 00 00 02 38 64 03 CE 00 10 03 00 

02 F8 64 00 00 00 02 38 64 03 CE 00 10 03 00 

02 F8 64 00 00 00 02 38 64 03 CE 00 10 03 00 

02 F8 64 00 00 00 02 38 64 03 CE 00 10 03 00 

02 F8 64 00 00 00 02 38 64 03 CE 00 10 03 00 

02 F8 64 00 00 00 02 38 64 03 CE 00 10 03 00 

02 F8 64 00 00 00 02 38 64 03 CE 00 10 03 00 

02 F8 64 00 00 00 02 38 64 03 CE 00 10 03 00 

02 F8 64 00 00 00 02 38 64 03 CE 00 10 03 00 

02 F8 64 00 00 00 02 38 64 03 CE 00 10 03 00 

02 F8 64 00 00 00 02 38 64 03 CE 00 10 03 00 

02 F8 64 00 00 00 02 38 64 03 CE 00 10 03 00 

02 F8 64 00 00 00 02 38 64 03 CE 00 10 03 00 

02 F8 64 1F 69 64 02 38 64 03 CE 00 10 03 28 

02 F8 64 00 00 00 02 38 64 03 CE 00 10 03 00 

02 F8 64 00 00 00 02 38 64 03 CE 00 10 03 00 

02 F8 64 00 00 00 02 38 64 03 CE 00 10 03 00 

02 F8 64 00 00 00 02 37 64 03 CE E4 10 03 00 

02 F8 64 00 00 00 02 37 64 03 CE 00 10 03 00 

02 F8 64 00 00 00 02 37 64 03 CE 00 10 03 00 

02 F8 64 00 00 00 02 37 64 03 CE 00 10 03 00 

02 F8 64 00 00 00 02 37 64 03 CE 00 10 03 00 

02 F8 64 00 00 00 02 37 64 03 CE 00 10 03 00 

02 F8 64 00 00 00 02 37 64 03 CE 00 10 03 00 

02 F8 64 00 00 00 02 37 64 03 CE 00 10 03 00 

02 F8 64 00 00 00 02 37 64 03 CE 00 10 03 00 

02 F8 64 00 00 00 02 37 64 03 CE 00 10 03 00 

02 F8 64 00 00 00 02 37 64 03 CE 00 10 03 00 

02 F8 64 00 00 00 02 37 64 03 CE 00 10 03 00 

02 F8 64 00 00 00 02 37 64 03 CE 00 10 03 00 

02 F8 64 00 00 00 02 37 64 03 CE 00 10 03 00 

02 F8 64 00 00 00 02 37 64 03 CE 00 10 03 00 

02 F8 64 1F 47 64 02 37 64 03 CE 00 10 03 13 

02 F8 64 00 00 00 02 37 64 03 CE 00 10 03 00 

02 F8 64 00 00 00 02 37 64 03 CE 00 10 03 00 

02 F8 64 00 00 00 02 37 64 03 CE 00 10 03 00 

02 F8 64 00 00 00 02 37 64 03 CE 00 10 03 00 

02 F8 64 00 00 00 02 37 64 03 CE 00 10 03 00 

02 F8 64 00 00 00 02 37 64 03 CE 00 10 03 00 

02 F8 64 00 00 00 02 37 64 03 CE 00 10 03 00 

02 F8 64 00 00 00 02 37 64 03 CE 00 10 03 00 

02 F8 64 00 00 00 02 37 64 03 CE 00 10 03 00 

02 F8 64 00 00 00 02 36 64 03 CE E4 10 03 00 

02 F8 64 00 00 00 02 36 64 03 CE 00 10 03 00 

02 F8 64 00 00 00 02 36 64 03 CE 00 10 03 00 

02 F8 64 00 00 00 02 36 64 03 CE 00 10 03 00 

02 F8 64 00 00 00 02 36 64 03 CE 00 10 03 00 

02 F8 64 00 00 00 02 36 64 03 CE 00 10 03 00 

02 F8 64 00 00 00 02 36 64 03 CE 00 10 03 00 

02 F8 64 00 00 00 02 36 64 03 CE 00 10 03 00 

02 F8 64 00 00 00 02 36 64 03 CE 00 10 03 00 

02 F8 64 00 00 00 02 36 64 03 CE 00 10 03 00 

02 EE 64 1E 8A 64 02 36 64 03 CE 00 10 03 14 

02 EE 64 00 00 00 02 36 64 03 CE 00 10 03 00 

02 EE 64 00 00 00 02 36 64 03 CE 00 10 03 00 

02 EE 64 00 00 00 02 36 64 03 CE 00 10 03 00 

02 EE 64 00 00 00 02 36 64 03 CE 00 10 03 00 

02 EE 64 00 00 00 02 36 64 03 CE 00 10 03 00 

02 EE 64 00 00 00 02 36 64 03 CE 00 10 03 00 

02 EE 64 00 00 00 02 36 64 03 CE 00 10 03 00 

02 EE 64 00 00 00 02 36 64 03 CE 00 10 03 00 

02 EE 64 00 00 00 02 36 64 03 CE 00 10 03 00 

02 EE 64 00 00 00 02 36 64 03 CE 00 10 03 00 

02 EE 64 00 00 00 02 36 64 03 CE 00 10 03 00 

02 EE 64 00 00 00 02 36 64 03 CE 00 10 03 00 

02 EE 64 00 00 00 02 36 64 03 CE 00 10 03 00 

02 EE 64 00 00 00 02 36 64 03 CE 00 10 03 00 

02 EE 64 00 00 00 02 36 64 03 CE 00 10 03 00 

02 EE 64 00 00 00 02 36 64 03 CE E4 10 03 00 

02 EE 64 00 00 00 02 36 64 03 CE 00 10 03 00 

02 EE 64 00 00 00 02 36 64 03 CE 00 10 03 00 

02 EE 64 00 00 00 02 36 64 03 CE 00 10 03 00 

02 EE 64 1E 5C 64 02 36 64 03 CE 00 10 03 13 

02 EE 64 00 00 00 02 36 64 03 CE 00 10 03 00 

02 EE 64 00 00 00 02 36 64 03 CE 00 10 03 00 

02 EE 64 00 00 00 02 36 64 03 CE 00 10 03 00 

02 EE 64 00 00 00 02 36 64 03 CE 00 10 03 00 

02 EE 64 00 00 00 02 36 64 03 CE 00 10 03 00 

02 EE 64 00 00 00 02 36 64 03 CE 00 10 03 00 

02 EE 64 00 00 00 02 36 64 03 CE 00 10 03 00 

02 EE 64 00 00 00 02 36 64 03 CE 00 10 03 00 

02 EE 64 00 00 00 02 36 64 03 CE 00 10 03 00 

02 EE 64 00 00 00 02 36 64 03 CE 00 10 03 00 

02 EE 64 00 00 00 02 36 64 03 CE 00 10 03 00 

02 EE 64 00 00 00 02 36 64 03 CE 00 10 03 00 

02 EE 64 00 00 00 02 36 64 03 CE 00 10 03 00 

02 EE 64 00 00 00 02 36 64 03 CE 00 10 03 00 

02 EE 64 00 00 00 02 36 64 03 CE 00 10 03 00 

02 EE 64 00 00 00 02 36 64 03 CE 00 10 03 00 

02 EE 64 00 00 00 02 36 64 03 CE 00 10 03 00 

02 EE 64 00 00 00 02 36 64 03 CE 00 10 03 00 

02 EE 64 00 00 00 02 36 64 03 CE 00 10 03 00 

02 EE 64 1E 38 64 02 36 64 03 CE 00 10 03 14 

02 EE 64 00 00 00 02 36 64 03 CE E4 10 03 00 

02 EE 64 00 00 00 02 36 64 03 CE 00 10 03 00 

02 EE 64 00 00 00 02 36 64 03 CE 00 10 03 00 

02 EE 64 00 00 00 02 36 64 03 CE 00 10 03 00 

02 EE 64 00 00 00 02 36 64 03 CE 00 10 03 00 

02 EE 64 00 00 00 02 36 64 03 CE 00 10 03 00 

02 EE 64 00 00 00 02 36 64 03 CE 00 10 03 00 

02 EE 64 00 00 00 02 36 64 03 CE 00 10 03 00 

02 EE 64 00 00 00 02 36 64 03 CE 00 10 03 00 

02 EE 64 00 00 00 02 36 64 03 CE 00 10 03 00 

02 EE 64 00 00 00 02 36 64 03 CE 00 10 03 00 

02 EE 64 00 00 00 02 36 64 03 CE 00 10 03 00 

02 EE 64 00 00 00 02 36 64 03 CE 00 10 03 00 

02 EE 64 00 00 00 02 36 64 03 CE 00 10 03 00 

02 EE 64 00 00 00 02 36 64 03 CE 00 10 03 00 

02 EE 64 00 00 00 02 36 64 03 CE 00 10 03 00 

02 EE 64 00 00 00 02 36 64 03 CE 00 10 03 00 

02 EE 64 00 00 00 02 36 64 03 CE 00 10 03 00 

02 EE 64 1D A8 64 02 36 64 03 CE 00 10 03 13 

02 EE 64 00 00 00 02 36 64 03 CE 00 10 03 00 

02 EE 64 00 00 00 02 36 64 03 CE 00 10 03 00 

02 EE 64 00 00 00 02 36 64 03 CE 00 10 03 00 

02 EE 64 00 00 00 02 36 64 03 CE 00 10 03 00 

02 EE 64 00 00 00 02 36 64 03 CE 00 10 03 00 

02 EE 64 00 00 00 02 36 64 03 CE 00 10 03 00 

02 EE 64 00 00 00 02 36 64 03 CE E4 10 03 00 

02 EE 64 00 00 00 02 36 64 03 CE 00 10 03 00 

02 EE 64 00 00 00 02 36 64 03 CE 00 10 03 00 

02 EE 64 00 00 00 02 36 64 03 CE 00 10 03 00 

02 EE 64 00 00 00 02 36 64 03 CE 00 10 03 00 

02 EE 64 00 00 00 02 36 64 03 CE 00 10 03 00 

02 EE 64 00 00 00 02 36 64 03 CE 00 10 03 00 

02 EE 64 00 00 00 02 36 64 03 CE 00 10 03 00 

02 EE 64 00 00 00 02 36 64 03 CE 00 10 03 00 

02 EE 64 00 00 00 02 36 64 03 CE 00 10 03 00 

02 EE 64 00 00 00 02 36 64 03 CE 00 10 03 00 

02 EE 64 00 00 00 02 36 64 03 CE 00 10 03 00 

02 EE 64 00 00 00 02 36 64 03 CE 00 10 03 00 

02 EE 64 1E 97 64 02 36 64 03 CE 00 10 03 14 

02 EE 64 00 00 00 02 36 64 03 CE 00 10 03 00 

02 EE 64 00 00 00 02 36 64 03 CE 00 10 03 00 

02 EE 64 00 00 00 02 36 64 03 CE 00 10 03 00 

02 EE 64 00 00 00 02 36 64 03 CE 00 10 03 00 

02 EE 64 00 00 00 02 36 64 03 CE 00 10 03 00 

02 EE 64 00 00 00 02 36 64 03 CE 00 10 03 00 

02 EE 64 00 00 00 02 36 64 03 CE 00 10 03 00 

02 EE 64 00 00 00 02 36 64 03 CE 00 10 03 00 

02 EE 64 00 00 00 02 36 64 03 CE 00 10 03 00 

02 EE 64 00 00 00 02 36 64 03 CE 00 10 03 00 

02 EE 64 00 00 00 02 36 64 03 CE 00 10 03 00 

02 F8 64 00 00 00 02 36 64 03 CE E4 10 03 00 

02 F8 64 00 00 00 02 36 64 03 CE 00 10 03 00 

02 F8 64 00 00 00 02 36 64 03 CE 00 10 03 00 

02 F8 64 00 00 00 02 36 64 03 CE 00 10 03 00 

02 F8 64 00 00 00 02 36 64 03 CE 00 10 03 00 

02 F8 64 00 00 00 02 36 64 03 CE 00 10 03 00 

02 F8 64 00 00 00 02 36 64 03 CE 00 10 03 00 

02 F8 64 1E 4D 64 02 36 64 03 CE 00 10 03 13 

02 F8 64 00 00 00 02 36 64 03 CE 00 10 03 00 

02 F8 64 00 00 00 02 36 64 03 CE 00 10 03 00 

02 F8 64 00 00 00 02 36 64 03 CE 00 10 03 00 

02 F8 64 00 00 00 02 36 64 03 CE 00 10 03 00 

02 F8 64 00 00 00 02 36 64 03 CE 00 10 03 00 

02 F8 64 00 00 00 02 36 64 03 CE 00 10 03 00 

02 F8 64 00 00 00 02 36 64 03 CE 00 10 03 00 

02 F8 64 00 00 00 02 36 64 03 CE 00 10 03 00 

02 F8 64 00 00 00 02 36 64 03 CE 00 10 03 00 

02 F8 64 00 00 00 02 36 64 03 CE 00 10 03 00 

02 F8 64 00 00 00 02 36 64 03 CE 00 10 03 00 

02 F8 64 00 00 00 02 36 64 03 CE 00 10 03 00 

02 F8 64 00 00 00 02 36 64 03 CE 00 10 03 00 

02 F8 64 00 00 00 02 36 64 03 CE 00 10 03 00 

02 F8 64 00 00 00 02 36 64 03 CE 00 10 03 00 

02 F8 64 00 00 00 02 36 64 03 CE 00 10 03 00 

02 F8 64 00 00 00 02 36 64 03 CE 00 10 03 00 

02 F8 64 00 00 00 02 36 64 03 CE E4 10 03 00 

02 F8 64 00 00 00 02 36 64 03 CE 00 10 03 00 

02 F8 64 1E 9C 64 02 36 64 03 CE 00 10 03 14 

02 F8 64 00 00 00 02 36 64 03 CE 00 10 03 00 

02 F8 64 00 00 00 02 36 64 03 CE 00 10 03 00 

02 F8 64 00 00 00 02 36 64 03 CE 00 10 03 00 

02 F8 64 00 00 00 02 36 64 03 CE 00 10 03 00 

02 F8 64 00 00 00 02 36 64 03 CE 00 10 03 00 

02 F8 64 00 00 00 02 36 64 03 CE 00 10 03 00 

02 F8 64 00 00 00 02 36 64 03 CE 00 10 03 00 

02 F8 64 00 00 00 02 36 64 03 CE 00 10 03 00 

02 F8 64 00 00 00 02 36 64 03 CE 00 10 03 00 

02 F8 64 00 00 00 02 36 64 03 CE 00 10 03 00 

02 F8 64 00 00 00 02 36 64 03 CE 00 10 03 00 

02 F8 64 00 00 00 02 36 64 03 CE 00 10 03 00 

02 F8 64 00 00 00 02 36 64 03 CE 00 10 03 00 

02 F8 64 00 00 00 02 36 64 03 CE 00 10 03 00 

02 F8 64 00 00 00 02 36 64 03 CE 00 10 03 00 

02 F8 64 00 00 00 02 36 64 03 CE 00 10 03 00 

02 F8 64 00 00 00 02 36 64 03 CE 00 10 03 00 

02 F8 64 00 00 00 02 36 64 03 CE 00 10 03 00 

02 F8 64 00 00 00 02 36 64 03 CE 00 10 03 00 

02 F8 64 1F 1C 64 02 36 64 03 CE 00 10 03 14 

02 F8 64 00 00 00 02 36 64 03 CE 00 10 03 00 

02 F8 64 00 00 00 02 36 64 03 CE 00 10 03 00 

02 F8 64 00 00 00 02 36 64 03 CE E4 10 03 00 

02 F8 64 00 00 00 02 36 64 03 CE 00 10 03 00 

02 F8 64 00 00 00 02 36 64 03 CE 00 10 03 00 

02 F8 64 00 00 00 02 36 64 03 CE 00 10 03 00 

02 F8 64 00 00 00 02 36 64 03 CE 00 10 03 00 

02 F8 64 00 00 00 02 36 64 03 CE 00 10 03 00 

